<?xml version="1.0" encoding="UTF-8"?>
<!-- Generated by org.testng.reporters.JUnitReportReporter -->
<testsuite hostname="Mohannads-MBP.askey.com" failures="0" tests="9" name="apiTests.PetStoreApiTests" time="5.581" errors="0" timestamp="2023-01-05T18:07:01 MST" skipped="0">
  <testcase classname="apiTests.PetStoreApiTests" name="postApet" time="0.502"/>
  <system-out/>
  <testcase classname="apiTests.PetStoreApiTests" name="getPetById" time="0.464"/>
  <system-out/>
  <testcase classname="apiTests.PetStoreApiTests" name="chainValidation" time="1.695"/>
  <system-out/>
  <testcase classname="apiTests.PetStoreApiTests" name="getById" time="0.499"/>
  <system-out/>
  <testcase classname="apiTests.PetStoreApiTests" name="findPetByStatus" time="0.495"/>
  <system-out/>
  <testcase classname="apiTests.PetStoreApiTests" name="updatACat" time="0.457"/>
  <system-out/>
  <testcase classname="apiTests.PetStoreApiTests" name="invalidIdUpdateCat" time="0.483"/>
  <system-out/>
  <testcase classname="apiTests.PetStoreApiTests" name="postACat" time="0.476"/>
  <system-out/>
  <testcase classname="apiTests.PetStoreApiTests" name="createCatWithJsonFile" time="0.510"/>
  <system-out/>
</testsuite> <!-- apiTests.PetStoreApiTests -->
